<?xml version="1.0" encoding="UTF-8"?>
<!-- Generated by org.testng.reporters.JUnitReportReporter -->
<testsuite hostname="user-PC" failures="0" tests="1" name="Opk.test3" time="64.515" errors="0" timestamp="2023-01-28T12:40:28 IST" skipped="0">
  <testcase classname="Opk.test3" name="Testthree" time="64.515"/>
  <system-out/>
</testsuite> <!-- Opk.test3 -->
